  Effects.cpp
  Entity.cpp
C:\Users\nico\Desktop\IntroToGameProgramming\shake exercise\Effects.cpp(77,1): error C2059: syntax error: '}'
C:\Users\nico\Desktop\IntroToGameProgramming\shake exercise\Effects.cpp(79,15): error C2601: 'Effects::render': local function definitions are illegal
C:\Users\nico\Desktop\IntroToGameProgramming\shake exercise\Effects.cpp(50,1): error C1075: '{': no matching token found
  helper.cpp
  LevelA.cpp
C:\Users\nico\Desktop\IntroToGameProgramming\shake exercise\Scene.h(15,10): error C1083: Cannot open include file: 'Util.h': No such file or directory
  LevelB.cpp
C:\Users\nico\Desktop\IntroToGameProgramming\shake exercise\Scene.h(15,10): error C1083: Cannot open include file: 'Util.h': No such file or directory
  main.cpp
C:\Users\nico\Desktop\IntroToGameProgramming\shake exercise\Scene.h(15,10): error C1083: Cannot open include file: 'Util.h': No such file or directory
  Map.cpp
C:\Users\nico\Desktop\IntroToGameProgramming\shake exercise\Map.cpp(94,16): warning C4244: 'initializing': conversion from 'float' to 'int', possible loss of data
C:\Users\nico\Desktop\IntroToGameProgramming\shake exercise\Map.cpp(95,16): warning C4244: 'initializing': conversion from 'float' to 'int', possible loss of data
  Scene.cpp
C:\Users\nico\Desktop\IntroToGameProgramming\shake exercise\Scene.h(15,10): error C1083: Cannot open include file: 'Util.h': No such file or directory
  ShaderProgram.cpp
  Utility.cpp
C:\Users\nico\Desktop\IntroToGameProgramming\shake exercise\Utility.cpp(47,23): warning C4018: '<': signed/unsigned mismatch
  Generating Code...
