  Entity.cpp
C:\Users\nico\Desktop\IntroToGameProgramming\project 6\Entity.cpp(134,20): warning C4018: '<': signed/unsigned mismatch
C:\Users\nico\Desktop\IntroToGameProgramming\project 6\Entity.cpp(186,12): warning C4244: 'argument': conversion from 'time_t' to 'unsigned int', possible loss of data
  Level1.cpp
C:\Users\nico\Desktop\IntroToGameProgramming\project 6\Level1.cpp(30,3): warning C4838: conversion from 'int' to 'unsigned int' requires a narrowing conversion
C:\Users\nico\Desktop\IntroToGameProgramming\project 6\Level1.cpp(30,8): warning C4838: conversion from 'int' to 'unsigned int' requires a narrowing conversion
C:\Users\nico\Desktop\IntroToGameProgramming\project 6\Level1.cpp(30,13): warning C4838: conversion from 'int' to 'unsigned int' requires a narrowing conversion
C:\Users\nico\Desktop\IntroToGameProgramming\project 6\Level1.cpp(30,63): warning C4838: conversion from 'int' to 'unsigned int' requires a narrowing conversion
C:\Users\nico\Desktop\IntroToGameProgramming\project 6\Level1.cpp(30,68): warning C4838: conversion from 'int' to 'unsigned int' requires a narrowing conversion
C:\Users\nico\Desktop\IntroToGameProgramming\project 6\Level1.cpp(30,73): warning C4838: conversion from 'int' to 'unsigned int' requires a narrowing conversion
C:\Users\nico\Desktop\IntroToGameProgramming\project 6\Level1.cpp(30,78): warning C4838: conversion from 'int' to 'unsigned int' requires a narrowing conversion
  Level2.cpp
C:\Users\nico\Desktop\IntroToGameProgramming\project 6\Level2.cpp(30,73): warning C4838: conversion from 'int' to 'unsigned int' requires a narrowing conversion
C:\Users\nico\Desktop\IntroToGameProgramming\project 6\Level2.cpp(30,78): warning C4838: conversion from 'int' to 'unsigned int' requires a narrowing conversion
C:\Users\nico\Desktop\IntroToGameProgramming\project 6\Level2.cpp(30,83): warning C4838: conversion from 'int' to 'unsigned int' requires a narrowing conversion
C:\Users\nico\Desktop\IntroToGameProgramming\project 6\Level2.cpp(30,88): warning C4838: conversion from 'int' to 'unsigned int' requires a narrowing conversion
C:\Users\nico\Desktop\IntroToGameProgramming\project 6\Level2.cpp(31,73): warning C4838: conversion from 'int' to 'unsigned int' requires a narrowing conversion
C:\Users\nico\Desktop\IntroToGameProgramming\project 6\Level2.cpp(31,78): warning C4838: conversion from 'int' to 'unsigned int' requires a narrowing conversion
C:\Users\nico\Desktop\IntroToGameProgramming\project 6\Level2.cpp(31,83): warning C4838: conversion from 'int' to 'unsigned int' requires a narrowing conversion
C:\Users\nico\Desktop\IntroToGameProgramming\project 6\Level2.cpp(31,88): warning C4838: conversion from 'int' to 'unsigned int' requires a narrowing conversion
  Level3.cpp
  MenuScreen.cpp
  Scene.cpp
  main.cpp
C:\Users\nico\Desktop\IntroToGameProgramming\project 6\main.cpp(167,33): warning C4244: 'argument': conversion from 'double' to 'int', possible loss of data
  Generating Code...
  project 6.vcxproj -> C:\Users\nico\Desktop\IntroToGameProgramming\project 6\Debug\project 6.exe
